cscope 15 $HOME/Dev/dvb-apps/dvb-apps/util               0000000700
	@Makefile

1 #Makefûê
löuxtv
.
‹g
 
dvb
-
≠ps
/
utû


3 .
	gPHONY
: 
Æl
 
˛ón
 
ö°Æl


5 
Æl
 
˛ón
 
ö°Æl
:

6 
$
(
MAKE
Ë-
C
 
©sc_ïg
 $@

7 
$
(
MAKE
Ë-
C
 
av7110_lﬂdkeys
 $@

8 
$
(
MAKE
Ë-
C
 
dib3000
-
w©ch
 $@

9 
$
(
MAKE
Ë-
C
 
d°
-
utûs
 $@

10 
$
(
MAKE
Ë-
C
 
dvbd©e
 $@

11 
$
(
MAKE
Ë-
C
 
dvb√t
 $@

12 
$
(
MAKE
Ë-
C
 
dvbåaffic
 $@

13 
$
(
MAKE
Ë-
C
 
dvbsˇn
 $@

14 
$
(
MAKE
Ë-
C
 
„m⁄
 $@

15 
$
(
MAKE
Ë-
C
 
sˇn
 $@

16 
$
(
MAKE
Ë-
C
 
sz≠
 $@

17 
$
(
MAKE
Ë-
C
 
âusb_dec_ª£t
 $@

18 
$
(
MAKE
Ë-
C
 
gnutv
 $@

19 
$
(
MAKE
Ë-
C
 
gŸox
 $@

20 
$
(
MAKE
Ë-
C
 
z≠
 $@

21 
$
(
MAKE
Ë-
C
 
lsdvb
 $@

	@
1
.
1
/usr/include
1
9
Makefile
